13-Jul-2018 15:47:14.677 INFORMACIÓN [main] org.apache.catalina.startup.VersionLoggerListener.log Server version:        Apache Tomcat/8.5.32
13-Jul-2018 15:47:14.707 INFORMACIÓN [main] org.apache.catalina.startup.VersionLoggerListener.log Server built:          Jun 20 2018 19:50:35 UTC
13-Jul-2018 15:47:14.709 INFORMACIÓN [main] org.apache.catalina.startup.VersionLoggerListener.log Server number:         8.5.32.0
13-Jul-2018 15:47:14.709 INFORMACIÓN [main] org.apache.catalina.startup.VersionLoggerListener.log OS Name:               Windows 10
13-Jul-2018 15:47:14.712 INFORMACIÓN [main] org.apache.catalina.startup.VersionLoggerListener.log OS Version:            10.0
13-Jul-2018 15:47:14.713 INFORMACIÓN [main] org.apache.catalina.startup.VersionLoggerListener.log Architecture:          amd64
13-Jul-2018 15:47:14.715 INFORMACIÓN [main] org.apache.catalina.startup.VersionLoggerListener.log Java Home:             C:\Program Files\Java\jdk-10.0.1
13-Jul-2018 15:47:14.716 INFORMACIÓN [main] org.apache.catalina.startup.VersionLoggerListener.log JVM Version:           10.0.1+10
13-Jul-2018 15:47:14.717 INFORMACIÓN [main] org.apache.catalina.startup.VersionLoggerListener.log JVM Vendor:            "Oracle Corporation"
13-Jul-2018 15:47:14.717 INFORMACIÓN [main] org.apache.catalina.startup.VersionLoggerListener.log CATALINA_BASE:         D:\Certificatic Java Spring\Servidores\apache-tomcat-8.5.32\apache-tomcat-8.5.32\apache-tomcat-8.5.32
13-Jul-2018 15:47:14.718 INFORMACIÓN [main] org.apache.catalina.startup.VersionLoggerListener.log CATALINA_HOME:         D:\Certificatic Java Spring\Servidores\apache-tomcat-8.5.32\apache-tomcat-8.5.32\apache-tomcat-8.5.32
13-Jul-2018 15:47:14.727 INFORMACIÓN [main] org.apache.catalina.startup.VersionLoggerListener.log Command line argument: --add-opens=java.base/java.lang=ALL-UNNAMED
13-Jul-2018 15:47:14.728 INFORMACIÓN [main] org.apache.catalina.startup.VersionLoggerListener.log Command line argument: --add-opens=java.base/java.io=ALL-UNNAMED
13-Jul-2018 15:47:14.729 INFORMACIÓN [main] org.apache.catalina.startup.VersionLoggerListener.log Command line argument: --add-opens=java.rmi/sun.rmi.transport=ALL-UNNAMED
13-Jul-2018 15:47:14.729 INFORMACIÓN [main] org.apache.catalina.startup.VersionLoggerListener.log Command line argument: -Djava.util.logging.config.file=D:/Certificatic Java Spring/Servidores/apache-tomcat-8.5.32/apache-tomcat-8.5.32/apache-tomcat-8.5.32/conf/logging.properties
13-Jul-2018 15:47:14.730 INFORMACIÓN [main] org.apache.catalina.startup.VersionLoggerListener.log Command line argument: -Djava.util.logging.manager=org.apache.juli.ClassLoaderLogManager
13-Jul-2018 15:47:14.730 INFORMACIÓN [main] org.apache.catalina.startup.VersionLoggerListener.log Command line argument: -Djdk.tls.ephemeralDHKeySize=2048
13-Jul-2018 15:47:14.731 INFORMACIÓN [main] org.apache.catalina.startup.VersionLoggerListener.log Command line argument: -Djava.protocol.handler.pkgs=org.apache.catalina.webresources
13-Jul-2018 15:47:14.732 INFORMACIÓN [main] org.apache.catalina.startup.VersionLoggerListener.log Command line argument: -Dorg.apache.catalina.security.SecurityListener.UMASK=0027
13-Jul-2018 15:47:14.732 INFORMACIÓN [main] org.apache.catalina.startup.VersionLoggerListener.log Command line argument: -Dignore.endorsed.dirs=
13-Jul-2018 15:47:14.732 INFORMACIÓN [main] org.apache.catalina.startup.VersionLoggerListener.log Command line argument: -Dcatalina.base=D:/Certificatic Java Spring/Servidores/apache-tomcat-8.5.32/apache-tomcat-8.5.32/apache-tomcat-8.5.32
13-Jul-2018 15:47:14.733 INFORMACIÓN [main] org.apache.catalina.startup.VersionLoggerListener.log Command line argument: -Dcatalina.home=D:/Certificatic Java Spring/Servidores/apache-tomcat-8.5.32/apache-tomcat-8.5.32/apache-tomcat-8.5.32
13-Jul-2018 15:47:14.734 INFORMACIÓN [main] org.apache.catalina.startup.VersionLoggerListener.log Command line argument: -Djava.io.tmpdir=D:/Certificatic Java Spring/Servidores/apache-tomcat-8.5.32/apache-tomcat-8.5.32/apache-tomcat-8.5.32/temp
13-Jul-2018 15:47:14.734 INFORMACIÓN [main] org.apache.catalina.core.AprLifecycleListener.lifecycleEvent La biblioteca nativa de Apache Tomcat basada en ARP que permite un rendimiento óptimo en entornos de desarrollo no ha sido hallada en java.library.path: [C:\Program Files\Java\jdk-10.0.1\bin;C:\WINDOWS\Sun\Java\bin;C:\WINDOWS\system32;C:\WINDOWS;C:\Users\mario\bin;C:\Program Files\Git\mingw64\bin;C:\Program Files\Git\usr\local\bin;C:\Program Files\Git\usr\bin;C:\Program Files\Git\usr\bin;C:\Program Files\Git\mingw64\bin;C:\Program Files\Git\usr\bin;C:\Users\mario\bin;C:\Program Files (x86)\Common Files\Oracle\Java\javapath;C:\ProgramData\Oracle\Java\javapath;C:\WINDOWS\system32;C:\WINDOWS;C:\WINDOWS\System32\Wbem;C:\WINDOWS\System32\WindowsPowerShell\v1.0;C:\Program Files (x86)\MySQL\MySQL Fabric 1.5.4 & MySQL Utilities 1.5.4 1.5;C:\Program Files (x86)\MySQL\MySQL Fabric 1.5.4 & MySQL Utilities 1.5.4 1.5\Doctrine extensions for PHP;C:\Program Files\Git\cmd;C:\Program Files\PuTTY;C:\Program Files\Java\jdk1.8.0_121\bin;C:\Program Files\nodejs;C:\WINDOWS\System32\OpenSSH;C:\Program Files\Microsoft VS Code\bin;C:\Users\mario\AppData\Roaming\npm;C:\Users\mario\AppData\Local\Microsoft\WindowsApps;D:\Certificatic Java Spring\Servidores\apache-maven-3.5.4-bin\apache-maven-3.5.4-bin\apache-maven-3.5.4\bin;C:\Program Files\Git\usr\bin\vendor_perl;C:\Program Files\Git\usr\bin\core_perl;.]
13-Jul-2018 15:47:15.084 INFORMACIÓN [main] org.apache.coyote.AbstractProtocol.init Initializing ProtocolHandler ["http-nio-8080"]
13-Jul-2018 15:47:15.950 INFORMACIÓN [main] org.apache.tomcat.util.net.NioSelectorPool.getSharedSelector Using a shared selector for servlet write/read
13-Jul-2018 15:47:15.968 INFORMACIÓN [main] org.apache.coyote.AbstractProtocol.init Initializing ProtocolHandler ["ajp-nio-8009"]
13-Jul-2018 15:47:15.975 INFORMACIÓN [main] org.apache.tomcat.util.net.NioSelectorPool.getSharedSelector Using a shared selector for servlet write/read
13-Jul-2018 15:47:15.979 INFORMACIÓN [main] org.apache.catalina.startup.Catalina.load Initialization processed in 3794 ms
13-Jul-2018 15:47:16.406 INFORMACIÓN [main] org.apache.catalina.core.StandardService.startInternal Arrancando servicio [Catalina]
13-Jul-2018 15:47:16.407 INFORMACIÓN [main] org.apache.catalina.core.StandardEngine.startInternal Starting Servlet Engine: Apache Tomcat/8.5.32
13-Jul-2018 15:47:16.508 INFORMACIÓN [localhost-startStop-1] org.apache.catalina.startup.HostConfig.deployDirectory Despliegue del directorio [D:\Certificatic Java Spring\Servidores\apache-tomcat-8.5.32\apache-tomcat-8.5.32\apache-tomcat-8.5.32\webapps\docs] de la aplicación web
13-Jul-2018 15:47:18.945 ADVERTENCIA [localhost-startStop-1] org.apache.catalina.util.SessionIdGeneratorBase.createSecureRandom Creation of SecureRandom instance for session ID generation using [SHA1PRNG] took [429] milliseconds.
13-Jul-2018 15:47:19.062 INFORMACIÓN [localhost-startStop-1] org.apache.catalina.startup.HostConfig.deployDirectory Deployment of web application directory [D:\Certificatic Java Spring\Servidores\apache-tomcat-8.5.32\apache-tomcat-8.5.32\apache-tomcat-8.5.32\webapps\docs] has finished in [2.554] ms
13-Jul-2018 15:47:19.064 INFORMACIÓN [localhost-startStop-1] org.apache.catalina.startup.HostConfig.deployDirectory Despliegue del directorio [D:\Certificatic Java Spring\Servidores\apache-tomcat-8.5.32\apache-tomcat-8.5.32\apache-tomcat-8.5.32\webapps\examples] de la aplicación web
13-Jul-2018 15:47:23.685 INFORMACIÓN [localhost-startStop-1] org.apache.catalina.startup.HostConfig.deployDirectory Deployment of web application directory [D:\Certificatic Java Spring\Servidores\apache-tomcat-8.5.32\apache-tomcat-8.5.32\apache-tomcat-8.5.32\webapps\examples] has finished in [4.620] ms
13-Jul-2018 15:47:23.688 INFORMACIÓN [localhost-startStop-1] org.apache.catalina.startup.HostConfig.deployDirectory Despliegue del directorio [D:\Certificatic Java Spring\Servidores\apache-tomcat-8.5.32\apache-tomcat-8.5.32\apache-tomcat-8.5.32\webapps\host-manager] de la aplicación web
13-Jul-2018 15:47:23.930 INFORMACIÓN [localhost-startStop-1] org.apache.catalina.startup.HostConfig.deployDirectory Deployment of web application directory [D:\Certificatic Java Spring\Servidores\apache-tomcat-8.5.32\apache-tomcat-8.5.32\apache-tomcat-8.5.32\webapps\host-manager] has finished in [242] ms
13-Jul-2018 15:47:23.931 INFORMACIÓN [localhost-startStop-1] org.apache.catalina.startup.HostConfig.deployDirectory Despliegue del directorio [D:\Certificatic Java Spring\Servidores\apache-tomcat-8.5.32\apache-tomcat-8.5.32\apache-tomcat-8.5.32\webapps\manager] de la aplicación web
13-Jul-2018 15:47:24.121 INFORMACIÓN [localhost-startStop-1] org.apache.catalina.startup.HostConfig.deployDirectory Deployment of web application directory [D:\Certificatic Java Spring\Servidores\apache-tomcat-8.5.32\apache-tomcat-8.5.32\apache-tomcat-8.5.32\webapps\manager] has finished in [190] ms
13-Jul-2018 15:47:24.122 INFORMACIÓN [localhost-startStop-1] org.apache.catalina.startup.HostConfig.deployDirectory Despliegue del directorio [D:\Certificatic Java Spring\Servidores\apache-tomcat-8.5.32\apache-tomcat-8.5.32\apache-tomcat-8.5.32\webapps\ROOT] de la aplicación web
13-Jul-2018 15:47:24.345 INFORMACIÓN [localhost-startStop-1] org.apache.catalina.startup.HostConfig.deployDirectory Deployment of web application directory [D:\Certificatic Java Spring\Servidores\apache-tomcat-8.5.32\apache-tomcat-8.5.32\apache-tomcat-8.5.32\webapps\ROOT] has finished in [223] ms
13-Jul-2018 15:47:24.373 INFORMACIÓN [main] org.apache.coyote.AbstractProtocol.start Starting ProtocolHandler ["http-nio-8080"]
13-Jul-2018 15:47:24.428 INFORMACIÓN [main] org.apache.coyote.AbstractProtocol.start Starting ProtocolHandler ["ajp-nio-8009"]
13-Jul-2018 15:47:24.448 INFORMACIÓN [main] org.apache.catalina.startup.Catalina.start Server startup in 8467 ms
13-Jul-2018 17:20:07.028 INFORMACIÓN [main] org.apache.catalina.core.StandardServer.await Se ha recibido un comando de apagado a través del puerto de apagado. Parando la instancia del Servidor.
13-Jul-2018 17:20:07.030 INFORMACIÓN [main] org.apache.coyote.AbstractProtocol.pause Pausing ProtocolHandler ["http-nio-8080"]
13-Jul-2018 17:20:07.457 INFORMACIÓN [main] org.apache.coyote.AbstractProtocol.pause Pausing ProtocolHandler ["ajp-nio-8009"]
13-Jul-2018 17:20:07.828 INFORMACIÓN [main] org.apache.catalina.core.StandardService.stopInternal Parando servicio [Catalina]
13-Jul-2018 17:20:08.042 INFORMACIÓN [main] org.apache.coyote.AbstractProtocol.stop Stopping ProtocolHandler ["http-nio-8080"]
13-Jul-2018 17:20:08.053 INFORMACIÓN [main] org.apache.coyote.AbstractProtocol.stop Stopping ProtocolHandler ["ajp-nio-8009"]
13-Jul-2018 17:20:08.064 INFORMACIÓN [main] org.apache.coyote.AbstractProtocol.destroy Destroying ProtocolHandler ["http-nio-8080"]
13-Jul-2018 17:20:08.068 INFORMACIÓN [main] org.apache.coyote.AbstractProtocol.destroy Destroying ProtocolHandler ["ajp-nio-8009"]
NOTE: Picked up JDK_JAVA_OPTIONS:  --add-opens=java.base/java.lang=ALL-UNNAMED --add-opens=java.base/java.io=ALL-UNNAMED --add-opens=java.rmi/sun.rmi.transport=ALL-UNNAMED
ACIÓN [main] org.apache.catalina.startup.VersionLoggerListener.log CATALINA_BASE:         D:\Certificatic Java Spring\Servidores\apache-tomcat-8.5.32\apache-tomcat-8.5.32\apache-tomcat-8.5.32
13-Jul-2018 17:18:07.185 INFORMACIÓN [main] org.apache.catalina.startup.VersionLoggerListener.log CATALINA_HOME:         D:\Certificatic Java Spring\Servidores\apache-tomcat-8.5.32\apache-tomcat-8.5.32\apache-tomcat-8.5.32
13-Jul-2018 17:18:07.187 INFORMACIÓN [main] org.apache.catalina.startup.VersionLoggerListener.log Command line argument: --add-opens=java.base/java.lang=ALL-UNNAMED
13-Jul-2018 17:18:07.187 INFORMACIÓN [main] org.apache.catalina.startup.VersionLoggerListener.log Command line argument: --add-opens=java.base/java.io=ALL-UNNAMED
13-Jul-2018 17:18:07.188 INFORMACIÓN [main] org.apache.catalina.startup.VersionLoggerListener.log Command line argument: --add-opens=java.rmi/sun.rmi.transport=ALL-UNNAMED
13-Jul-2018 17:18:07.188 INFORMACIÓN [main] org.apache.catalina.startup.VersionLoggerListener.log Command line argument: -Djava.util.logging.config.file=D:/Certificatic Java Spring/Servidores/apache-tomcat-8.5.32/apache-tomcat-8.5.32/apache-tomcat-8.5.32/conf/logging.properties
13-Jul-2018 17:18:07.189 INFORMACIÓN [main] org.apache.catalina.startup.VersionLoggerListener.log Command line argument: -Djava.util.logging.manager=org.apache.juli.ClassLoaderLogManager
13-Jul-2018 17:18:07.190 INFORMACIÓN [main] org.apache.catalina.startup.VersionLoggerListener.log Command line argument: -Djdk.tls.ephemeralDHKeySize=2048
13-Jul-2018 17:18:07.190 INFORMACIÓN [main] org.apache.catalina.startup.VersionLoggerListener.log Command line argument: -Djava.protocol.handler.pkgs=org.apache.catalina.webresources
13-Jul-2018 17:18:07.191 INFORMACIÓN [main] org.apache.catalina.startup.VersionLoggerListener.log Command line argument: -Dorg.apache.catalina.security.SecurityListener.UMASK=0027
13-Jul-2018 17:18:07.191 INFORMACIÓN [main] org.apache.catalina.startup.VersionLoggerListener.log Command line argument: -Dignore.endorsed.dirs=
13-Jul-2018 17:18:07.192 INFORMACIÓN [main] org.apache.catalina.startup.VersionLoggerListener.log Command line argument: -Dcatalina.base=D:/Certificatic Java Spring/Servidores/apache-tomcat-8.5.32/apache-tomcat-8.5.32/apache-tomcat-8.5.32
13-Jul-2018 17:18:07.192 INFORMACIÓN [main] org.apache.catalina.startup.VersionLoggerListener.log Command line argument: -Dcatalina.home=D:/Certificatic Java Spring/Servidores/apache-tomcat-8.5.32/apache-tomcat-8.5.32/apache-tomcat-8.5.32
13-Jul-2018 17:18:07.192 INFORMACIÓN [main] org.apache.catalina.startup.VersionLoggerListener.log Command line argument: -Djava.io.tmpdir=D:/Certificatic Java Spring/Servidores/apache-tomcat-8.5.32/apache-tomcat-8.5.32/apache-tomcat-8.5.32/temp
13-Jul-2018 17:18:07.193 INFORMACIÓN [main] org.apache.catalina.core.AprLifecycleListener.lifecycleEvent La biblioteca nativa de Apache Tomcat basada en ARP que permite un rendimiento óptimo en entornos de desarrollo no ha sido hallada en java.library.path: [C:\Program Files\Java\jdk-10.0.1\bin;C:\WINDOWS\Sun\Java\bin;C:\WINDOWS\system32;C:\WINDOWS;C:\Users\mario\bin;C:\Program Files\Git\mingw64\bin;C:\Program Files\Git\usr\local\bin;C:\Program Files\Git\usr\bin;C:\Program Files\Git\usr\bin;C:\Program Files\Git\mingw64\bin;C:\Program Files\Git\usr\bin;C:\Users\mario\bin;C:\Program Files (x86)\Common Files\Oracle\Java\javapath;C:\ProgramData\Oracle\Java\javapath;C:\WINDOWS\system32;C:\WINDOWS;C:\WINDOWS\System32\Wbem;C:\WINDOWS\System32\WindowsPowerShell\v1.0;C:\Program Files (x86)\MySQL\MySQL Fabric 1.5.4 & MySQL Utilities 1.5.4 1.5;C:\Program Files (x86)\MySQL\MySQL Fabric 1.5.4 & MySQL Utilities 1.5.4 1.5\Doctrine extensions for PHP;C:\Program Files\Git\cmd;C:\Program Files\PuTTY;C:\Program Files\Java\jdk1.8.0_121\bin;C:\Program Files\nodejs;C:\WINDOWS\System32\OpenSSH;C:\Program Files\Microsoft VS Code\bin;C:\Users\mario\AppData\Roaming\npm;C:\Users\mario\AppData\Local\Microsoft\WindowsApps;D:\Certificatic Java Spring\Servidores\apache-maven-3.5.4-bin\apache-maven-3.5.4-bin\apache-maven-3.5.4\bin;C:\Program Files\Git\usr\bin\vendor_perl;C:\Program Files\Git\usr\bin\core_perl;.]
13-Jul-2018 17:18:07.348 INFORMACIÓN [main] org.apache.coyote.AbstractProtocol.init Initializing ProtocolHandler ["http-nio-8080"]
13-Jul-2018 17:18:07.412 GRAVE [main] org.apache.catalina.core.StandardService.initInternal No pude inicializar el conector [Connector[HTTP/1.1-8080]]
 org.apache.catalina.LifecycleException: Failed to initialize component [Connector[HTTP/1.1-8080]]
	at org.apache.catalina.util.LifecycleBase.init(LifecycleBase.java:112)
	at org.apache.catalina.core.StandardService.initInternal(StandardService.java:549)
	at org.apache.catalina.util.LifecycleBase.init(LifecycleBase.java:107)
	at org.apache.catalina.core.StandardServer.initInternal(StandardServer.java:875)
	at org.apache.catalina.util.LifecycleBase.init(LifecycleBase.java:107)
	at org.apache.catalina.startup.Catalina.load(Catalina.java:632)
	at org.apache.catalina.startup.Catalina.load(Catalina.java:655)
	at java.base/jdk.internal.reflect.NativeMethodAccessorImpl.invoke0(Native Method)
	at java.base/jdk.internal.reflect.NativeMethodAccessorImpl.invoke(NativeMethodAccessorImpl.java:62)
	at java.base/jdk.internal.reflect.DelegatingMethodAccessorImpl.invoke(DelegatingMethodAccessorImpl.java:43)
	at java.base/java.lang.reflect.Method.invoke(Method.java:564)
	at org.apache.catalina.startup.Bootstrap.load(Bootstrap.java:309)
	at org.apache.catalina.startup.Bootstrap.main(Bootstrap.java:492)
Caused by: org.apache.catalina.LifecycleException: Falló la inicialización del manejador de protocolo
	at org.apache.catalina.connector.Connector.initInternal(Connector.java:995)
	at org.apache.catalina.util.LifecycleBase.init(LifecycleBase.java:107)
	... 12 more
Caused by: java.net.BindException: Address already in use: bind
	at java.base/sun.nio.ch.Net.bind0(Native Method)
	at java.base/sun.nio.ch.Net.bind(Net.java:433)
	at java.base/sun.nio.ch.Net.bind(Net.java:425)
	at java.base/sun.nio.ch.ServerSocketChannelImpl.bind(ServerSocketChannelImpl.java:225)
	at java.base/sun.nio.ch.ServerSocketAdaptor.bind(ServerSocketAdaptor.java:74)
	at org.apache.tomcat.util.net.NioEndpoint.bind(NioEndpoint.java:210)
	at org.apache.tomcat.util.net.AbstractEndpoint.init(AbstractEndpoint.java:1086)
	at org.apache.tomcat.util.net.AbstractJsseEndpoint.init(AbstractJsseEndpoint.java:268)
	at org.apache.coyote.AbstractProtocol.init(AbstractProtocol.java:581)
	at org.apache.coyote.http11.AbstractHttp11Protocol.init(AbstractHttp11Protocol.java:68)
	at org.apache.catalina.connector.Connector.initInternal(Connector.java:993)
	... 13 more

13-Jul-2018 17:18:07.418 INFORMACIÓN [main] org.apache.coyote.AbstractProtocol.init Initializing ProtocolHandler ["ajp-nio-8009"]
13-Jul-2018 17:18:07.423 GRAVE [main] org.apache.catalina.core.StandardService.initInternal No pude inicializar el conector [Connector[AJP/1.3-8009]]
 org.apache.catalina.LifecycleException: Failed to initialize component [Connector[AJP/1.3-8009]]
	at org.apache.catalina.util.LifecycleBase.init(LifecycleBase.java:112)
	at org.apache.catalina.core.StandardService.initInternal(StandardService.java:549)
	at org.apache.catalina.util.LifecycleBase.init(LifecycleBase.java:107)
	at org.apache.catalina.core.StandardServer.initInternal(StandardServer.java:875)
	at org.apache.catalina.util.LifecycleBase.init(LifecycleBase.java:107)
	at org.apache.catalina.startup.Catalina.load(Catalina.java:632)
	at org.apache.catalina.startup.Catalina.load(Catalina.java:655)
	at java.base/jdk.internal.reflect.NativeMethodAccessorImpl.invoke0(Native Method)
	at java.base/jdk.internal.reflect.NativeMethodAccessorImpl.invoke(NativeMethodAccessorImpl.java:62)
	at java.base/jdk.internal.reflect.DelegatingMethodAccessorImpl.invoke(DelegatingMethodAccessorImpl.java:43)
	at java.base/java.lang.reflect.Method.invoke(Method.java:564)
	at org.apache.catalina.startup.Bootstrap.load(Bootstrap.java:309)
	at org.apache.catalina.startup.Bootstrap.main(Bootstrap.java:492)
Caused by: org.apache.catalina.LifecycleException: Falló la inicialización del manejador de protocolo
	at org.apache.catalina.connector.Connector.initInternal(Connector.java:995)
	at org.apache.catalina.util.LifecycleBase.init(LifecycleBase.java:107)
	... 12 more
Caused by: java.net.BindException: Address already in use: bind
	at java.base/sun.nio.ch.Net.bind0(Native Method)
	at java.base/sun.nio.ch.Net.bind(Net.java:433)
	at java.base/sun.nio.ch.Net.bind(Net.java:425)
	at java.base/sun.nio.ch.ServerSocketChannelImpl.bind(ServerSocketChannelImpl.java:225)
	at java.base/sun.nio.ch.ServerSocketAdaptor.bind(ServerSocketAdaptor.java:74)
	at org.apache.tomcat.util.net.NioEndpoint.bind(NioEndpoint.java:210)
	at org.apache.tomcat.util.net.AbstractEndpoint.init(AbstractEndpoint.java:1086)
	at org.apache.tomcat.util.net.AbstractJsseEndpoint.init(AbstractJsseEndpoint.java:268)
	at org.apache.coyote.AbstractProtocol.init(AbstractProtocol.java:581)
	at org.apache.catalina.connector.Connector.initInternal(Connector.java:993)
	... 13 more

13-Jul-2018 17:18:07.426 INFORMACIÓN [main] org.apache.catalina.startup.Catalina.load Initialization processed in 1891 ms
13-Jul-2018 17:18:07.646 INFORMACIÓN [main] org.apache.catalina.core.StandardService.startInternal Arrancando servicio [Catalina]
13-Jul-2018 17:18:07.647 INFORMACIÓN [main] org.apache.catalina.core.StandardEngine.startInternal Starting Servlet Engine: Apache Tomcat/8.5.32
13-Jul-2018 17:18:07.686 INFORMACIÓN [localhost-startStop-1] org.apache.catalina.startup.HostConfig.deployDirectory Despliegue del directorio [D:\Certificatic Java Spring\Servidores\apache-tomcat-8.5.32\apache-tomcat-8.5.32\apache-tomcat-8.5.32\webapps\docs] de la aplicación web
13-Jul-2018 17:18:09.357 ADVERTENCIA [localhost-startStop-1] org.apache.catalina.util.SessionIdGeneratorBase.createSecureRandom Creation of SecureRandom instance for session ID generation using [SHA1PRNG] took [372] milliseconds.
13-Jul-2018 17:18:09.429 INFORMACIÓN [localhost-startStop-1] org.apache.catalina.startup.HostConfig.deployDirectory Deployment of web application directory [D:\Certificatic Java Spring\Servidores\apache-tomcat-8.5.32\apache-tomcat-8.5.32\apache-tomcat-8.5.32\webapps\docs] has finished in [1.743] ms
13-Jul-2018 17:18:09.430 INFORMACIÓN [localhost-startStop-1] org.apache.catalina.startup.HostConfig.deployDirectory Despliegue del directorio [D:\Certificatic Java Spring\Servidores\apache-tomcat-8.5.32\apache-tomcat-8.5.32\apache-tomcat-8.5.32\webapps\examples] de la aplicación web
13-Jul-2018 17:18:10.625 INFORMACIÓN [localhost-startStop-1] org.apache.catalina.startup.HostConfig.deployDirectory Deployment of web application directory [D:\Certificatic Java Spring\Servidores\apache-tomcat-8.5.32\apache-tomcat-8.5.32\apache-tomcat-8.5.32\webapps\examples] has finished in [1.195] ms
13-Jul-2018 17:18:10.630 INFORMACIÓN [localhost-startStop-1] org.apache.catalina.startup.HostConfig.deployDirectory Despliegue del directorio [D:\Certificatic Java Spring\Servidores\apache-tomcat-8.5.32\apache-tomcat-8.5.32\apache-tomcat-8.5.32\webapps\host-manager] de la aplicación web
13-Jul-2018 17:18:10.814 INFORMACIÓN [localhost-startStop-1] org.apache.catalina.startup.HostConfig.deployDirectory Deployment of web application directory [D:\Certificatic Java Spring\Servidores\apache-tomcat-8.5.32\apache-tomcat-8.5.32\apache-tomcat-8.5.32\webapps\host-manager] has finished in [185] ms
13-Jul-2018 17:18:10.815 INFORMACIÓN [localhost-startStop-1] org.apache.catalina.startup.HostConfig.deployDirectory Despliegue del directorio [D:\Certificatic Java Spring\Servidores\apache-tomcat-8.5.32\apache-tomcat-8.5.32\apache-tomcat-8.5.32\webapps\manager] de la aplicación web
13-Jul-2018 17:18:10.992 INFORMACIÓN [localhost-startStop-1] org.apache.catalina.startup.HostConfig.deployDirectory Deployment of web application directory [D:\Certificatic Java Spring\Servidores\apache-tomcat-8.5.32\apache-tomcat-8.5.32\apache-tomcat-8.5.32\webapps\manager] has finished in [177] ms
13-Jul-2018 17:18:10.993 INFORMACIÓN [localhost-startStop-1] org.apache.catalina.startup.HostConfig.deployDirectory Despliegue del directorio [D:\Certificatic Java Spring\Servidores\apache-tomcat-8.5.32\apache-tomcat-8.5.32\apache-tomcat-8.5.32\webapps\ROOT] de la aplicación web
13-Jul-2018 17:18:11.095 INFORMACIÓN [localhost-startStop-1] org.apache.catalina.startup.HostConfig.deployDirectory Deployment of web application directory [D:\Certificatic Java Spring\Servidores\apache-tomcat-8.5.32\apache-tomcat-8.5.32\apache-tomcat-8.5.32\webapps\ROOT] has finished in [101] ms
13-Jul-2018 17:18:11.111 INFORMACIÓN [main] org.apache.catalina.startup.Catalina.start Server startup in 3684 ms
13-Jul-2018 17:18:11.131 GRAVE [main] org.apache.catalina.core.StandardServer.await StandardServer.await: create[localhost:8005]: 
 java.net.BindException: Address already in use: NET_Bind
	at java.base/java.net.DualStackPlainSocketImpl.bind0(Native Method)
	at java.base/java.net.DualStackPlainSocketImpl.socketBind(DualStackPlainSocketImpl.java:106)
	at java.base/java.net.AbstractPlainSocketImpl.bind(AbstractPlainSocketImpl.java:437)
	at java.base/java.net.PlainSocketImpl.bind(PlainSocketImpl.java:174)
	at java.base/java.net.ServerSocket.bind(ServerSocket.java:381)
	at java.base/java.net.ServerSocket.<init>(ServerSocket.java:243)
	at org.apache.catalina.core.StandardServer.await(StandardServer.java:440)
	at org.apache.catalina.startup.Catalina.await(Catalina.java:769)
	at org.apache.catalina.startup.Catalina.start(Catalina.java:715)
	at java.base/jdk.internal.reflect.NativeMethodAccessorImpl.invoke0(Native Method)
	at java.base/jdk.internal.reflect.NativeMethodAccessorImpl.invoke(NativeMethodAccessorImpl.java:62)
	at java.base/jdk.internal.reflect.DelegatingMethodAccessorImpl.invoke(DelegatingMethodAccessorImpl.java:43)
	at java.base/java.lang.reflect.Method.invoke(Method.java:564)
	at org.apache.catalina.startup.Bootstrap.start(Bootstrap.java:353)
	at org.apache.catalina.startup.Bootstrap.main(Bootstrap.java:493)

13-Jul-2018 17:18:11.136 INFORMACIÓN [main] org.apache.coyote.AbstractProtocol.pause Pausing ProtocolHandler ["http-nio-8080"]
13-Jul-2018 17:18:11.137 INFORMACIÓN [main] org.apache.coyote.AbstractProtocol.pause Pausing ProtocolHandler ["ajp-nio-8009"]
13-Jul-2018 17:18:11.137 INFORMACIÓN [main] org.apache.catalina.core.StandardService.stopInternal Parando servicio [Catalina]
13-Jul-2018 17:18:11.354 INFORMACIÓN [main] org.apache.coyote.AbstractProtocol.stop Stopping ProtocolHandler ["http-nio-8080"]
13-Jul-2018 17:18:11.355 INFORMACIÓN [main] org.apache.coyote.AbstractProtocol.destroy Destroying ProtocolHandler ["http-nio-8080"]
13-Jul-2018 17:18:11.356 INFORMACIÓN [main] org.apache.coyote.AbstractProtocol.stop Stopping ProtocolHandler ["ajp-nio-8009"]
13-Jul-2018 17:18:11.356 INFORMACIÓN [main] org.apache.coyote.AbstractProtocol.destroy Destroying ProtocolHandler ["ajp-nio-8009"]
NOTE: Picked up JDK_JAVA_OPTIONS:  --add-opens=java.base/java.lang=ALL-UNNAMED --add-opens=java.base/java.io=ALL-UNNAMED --add-opens=java.rmi/sun.rmi.transport=ALL-UNNAMED
13-Jul-2018 17:18:48.300 INFORMACIÓN [main] org.apache.catalina.startup.VersionLoggerListener.log Server version:        Apache Tomcat/8.5.32
13-Jul-2018 17:18:48.315 INFORMACIÓN [main] org.apache.catalina.startup.VersionLoggerListener.log Server built:          Jun 20 2018 19:50:35 UTC
13-Jul-2018 17:18:48.316 INFORMACIÓN [main] org.apache.catalina.startup.VersionLoggerListener.log Server number:         8.5.32.0
13-Jul-2018 17:18:48.317 INFORMACIÓN [main] org.apache.catalina.startup.VersionLoggerListener.log OS Name:               Windows 10
13-Jul-2018 17:18:48.318 INFORMACIÓN [main] org.apache.catalina.startup.VersionLoggerListener.log OS Version:            10.0
13-Jul-2018 17:18:48.319 INFORMACIÓN [main] org.apache.catalina.startup.VersionLoggerListener.log Architecture:          amd64
13-Jul-2018 17:18:48.320 INFORMACIÓN [main] org.apache.catalina.startup.VersionLoggerListener.log Java Home:             C:\Program Files\Java\jdk-10.0.1
13-Jul-2018 17:18:48.320 INFORMACIÓN [main] org.apache.catalina.startup.VersionLoggerListener.log JVM Version:           10.0.1+10
13-Jul-2018 17:18:48.321 INFORMACIÓN [main] org.apache.catalina.startup.VersionLoggerListener.log JVM Vendor:            "Oracle Corporation"
13-Jul-2018 17:18:48.321 INFORMACIÓN [main] org.apache.catalina.startup.VersionLoggerListener.log CATALINA_BASE:         D:\Certificatic Java Spring\Servidores\apache-tomcat-8.5.32\apache-tomcat-8.5.32\apache-tomcat-8.5.32
13-Jul-2018 17:18:48.322 INFORMACIÓN [main] org.apache.catalina.startup.VersionLoggerListener.log CATALINA_HOME:         D:\Certificatic Java Spring\Servidores\apache-tomcat-8.5.32\apache-tomcat-8.5.32\apache-tomcat-8.5.32
13-Jul-2018 17:18:48.323 INFORMACIÓN [main] org.apache.catalina.startup.VersionLoggerListener.log Command line argument: --add-opens=java.base/java.lang=ALL-UNNAMED
13-Jul-2018 17:18:48.324 INFORMACIÓN [main] org.apache.catalina.startup.VersionLoggerListener.log Command line argument: --add-opens=java.base/java.io=ALL-UNNAMED
13-Jul-2018 17:18:48.325 INFORMACIÓN [main] org.apache.catalina.startup.VersionLoggerListener.log Command line argument: --add-opens=java.rmi/sun.rmi.transport=ALL-UNNAMED
13-Jul-2018 17:18:48.325 INFORMACIÓN [main] org.apache.catalina.startup.VersionLoggerListener.log Command line argument: -Djava.util.logging.config.file=D:/Certificatic Java Spring/Servidores/apache-tomcat-8.5.32/apache-tomcat-8.5.32/apache-tomcat-8.5.32/conf/logging.properties
13-Jul-2018 17:18:48.326 INFORMACIÓN [main] org.apache.catalina.startup.VersionLoggerListener.log Command line argument: -Djava.util.logging.manager=org.apache.juli.ClassLoaderLogManager
13-Jul-2018 17:18:48.326 INFORMACIÓN [main] org.apache.catalina.startup.VersionLoggerListener.log Command line argument: -Djdk.tls.ephemeralDHKeySize=2048
13-Jul-2018 17:18:48.327 INFORMACIÓN [main] org.apache.catalina.startup.VersionLoggerListener.log Command line argument: -Djava.protocol.handler.pkgs=org.apache.catalina.webresources
13-Jul-2018 17:18:48.327 INFORMACIÓN [main] org.apache.catalina.startup.VersionLoggerListener.log Command line argument: -Dorg.apache.catalina.security.SecurityListener.UMASK=0027
13-Jul-2018 17:18:48.328 INFORMACIÓN [main] org.apache.catalina.startup.VersionLoggerListener.log Command line argument: -Dignore.endorsed.dirs=
13-Jul-2018 17:18:48.329 INFORMACIÓN [main] org.apache.catalina.startup.VersionLoggerListener.log Command line argument: -Dcatalina.base=D:/Certificatic Java Spring/Servidores/apache-tomcat-8.5.32/apache-tomcat-8.5.32/apache-tomcat-8.5.32
13-Jul-2018 17:18:48.329 INFORMACIÓN [main] org.apache.catalina.startup.VersionLoggerListener.log Command line argument: -Dcatalina.home=D:/Certificatic Java Spring/Servidores/apache-tomcat-8.5.32/apache-tomcat-8.5.32/apache-tomcat-8.5.32
13-Jul-2018 17:18:48.330 INFORMACIÓN [main] org.apache.catalina.startup.VersionLoggerListener.log Command line argument: -Djava.io.tmpdir=D:/Certificatic Java Spring/Servidores/apache-tomcat-8.5.32/apache-tomcat-8.5.32/apache-tomcat-8.5.32/temp
13-Jul-2018 17:18:48.330 INFORMACIÓN [main] org.apache.catalina.core.AprLifecycleListener.lifecycleEvent La biblioteca nativa de Apache Tomcat basada en ARP que permite un rendimiento óptimo en entornos de desarrollo no ha sido hallada en java.library.path: [C:\Program Files\Java\jdk-10.0.1\bin;C:\WINDOWS\Sun\Java\bin;C:\WINDOWS\system32;C:\WINDOWS;C:\Users\mario\bin;C:\Program Files\Git\mingw64\bin;C:\Program Files\Git\usr\local\bin;C:\Program Files\Git\usr\bin;C:\Program Files\Git\usr\bin;C:\Program Files\Git\mingw64\bin;C:\Program Files\Git\usr\bin;C:\Users\mario\bin;C:\Program Files (x86)\Common Files\Oracle\Java\javapath;C:\ProgramData\Oracle\Java\javapath;C:\WINDOWS\system32;C:\WINDOWS;C:\WINDOWS\System32\Wbem;C:\WINDOWS\System32\WindowsPowerShell\v1.0;C:\Program Files (x86)\MySQL\MySQL Fabric 1.5.4 & MySQL Utilities 1.5.4 1.5;C:\Program Files (x86)\MySQL\MySQL Fabric 1.5.4 & MySQL Utilities 1.5.4 1.5\Doctrine extensions for PHP;C:\Program Files\Git\cmd;C:\Program Files\PuTTY;C:\Program Files\Java\jdk1.8.0_121\bin;C:\Program Files\nodejs;C:\WINDOWS\System32\OpenSSH;C:\Program Files\Microsoft VS Code\bin;C:\Users\mario\AppData\Roaming\npm;C:\Users\mario\AppData\Local\Microsoft\WindowsApps;D:\Certificatic Java Spring\Servidores\apache-maven-3.5.4-bin\apache-maven-3.5.4-bin\apache-maven-3.5.4\bin;C:\Program Files\Git\usr\bin\vendor_perl;C:\Program Files\Git\usr\bin\core_perl;.]
13-Jul-2018 17:18:48.568 INFORMACIÓN [main] org.apache.coyote.AbstractProtocol.init Initializing ProtocolHandler ["http-nio-8080"]
13-Jul-2018 17:18:48.611 GRAVE [main] org.apache.catalina.core.StandardService.initInternal No pude inicializar el conector [Connector[HTTP/1.1-8080]]
 org.apache.catalina.LifecycleException: Failed to initialize component [Connector[HTTP/1.1-8080]]
	at org.apache.catalina.util.LifecycleBase.init(LifecycleBase.java:112)
	at org.apache.catalina.core.StandardService.initInternal(StandardService.java:549)
	at org.apache.catalina.util.LifecycleBase.init(LifecycleBase.java:107)
	at org.apache.catalina.core.StandardServer.initInternal(StandardServer.java:875)
	at org.apache.catalina.util.LifecycleBase.init(LifecycleBase.java:107)
	at org.apache.catalina.startup.Catalina.load(Catalina.java:632)
	at org.apache.catalina.startup.Catalina.load(Catalina.java:655)
	at java.base/jdk.internal.reflect.NativeMethodAccessorImpl.invoke0(Native Method)
	at java.base/jdk.internal.reflect.NativeMethodAccessorImpl.invoke(NativeMethodAccessorImpl.java:62)
	at java.base/jdk.internal.reflect.DelegatingMethodAccessorImpl.invoke(DelegatingMethodAccessorImpl.java:43)
	at java.base/java.lang.reflect.Method.invoke(Method.java:564)
	at org.apache.catalina.startup.Bootstrap.load(Bootstrap.java:309)
	at org.apache.catalina.startup.Bootstrap.main(Bootstrap.java:492)
Caused by: org.apache.catalina.LifecycleException: Falló la inicialización del manejador de protocolo
	at org.apache.catalina.connector.Connector.initInternal(Connector.java:995)
	at org.apache.catalina.util.LifecycleBase.init(LifecycleBase.java:107)
	... 12 more
Caused by: java.net.BindException: Address already in use: bind
	at java.base/sun.nio.ch.Net.bind0(Native Method)
	at java.base/sun.nio.ch.Net.bind(Net.java:433)
	at java.base/sun.nio.ch.Net.bind(Net.java:425)
	at java.base/sun.nio.ch.ServerSocketChannelImpl.bind(ServerSocketChannelImpl.java:225)
	at java.base/sun.nio.ch.ServerSocketAdaptor.bind(ServerSocketAdaptor.java:74)
	at org.apache.tomcat.util.net.NioEndpoint.bind(NioEndpoint.java:210)
	at org.apache.tomcat.util.net.AbstractEndpoint.init(AbstractEndpoint.java:1086)
	at org.apache.tomcat.util.net.AbstractJsseEndpoint.init(AbstractJsseEndpoint.java:268)
	at org.apache.coyote.AbstractProtocol.init(AbstractProtocol.java:581)
	at org.apache.coyote.http11.AbstractHttp11Protocol.init(AbstractHttp11Protocol.java:68)
	at org.apache.catalina.connector.Connector.initInternal(Connector.java:993)
	... 13 more

13-Jul-2018 17:18:48.617 INFORMACIÓN [main] org.apache.coyote.AbstractProtocol.init Initializing ProtocolHandler ["ajp-nio-8009"]
13-Jul-2018 17:18:48.624 GRAVE [main] org.apache.catalina.core.StandardService.initInternal No pude inicializar el conector [Connector[AJP/1.3-8009]]
 org.apache.catalina.LifecycleException: Failed to initialize component [Connector[AJP/1.3-8009]]
	at org.apache.catalina.util.LifecycleBase.init(LifecycleBase.java:112)
	at org.apache.catalina.core.StandardService.initInternal(StandardService.java:549)
	at org.apache.catalina.util.LifecycleBase.init(LifecycleBase.java:107)
	at org.apache.catalina.core.StandardServer.initInternal(StandardServer.java:875)
	at org.apache.catalina.util.LifecycleBase.init(LifecycleBase.java:107)
	at org.apache.catalina.startup.Catalina.load(Catalina.java:632)
	at org.apache.catalina.startup.Catalina.load(Catalina.java:655)
	at java.base/jdk.internal.reflect.NativeMethodAccessorImpl.invoke0(Native Method)
	at java.base/jdk.internal.reflect.NativeMethodAccessorImpl.invoke(NativeMethodAccessorImpl.java:62)
	at java.base/jdk.internal.reflect.DelegatingMethodAccessorImpl.invoke(DelegatingMethodAccessorImpl.java:43)
	at java.base/java.lang.reflect.Method.invoke(Method.java:564)
	at org.apache.catalina.startup.Bootstrap.load(Bootstrap.java:309)
	at org.apache.catalina.startup.Bootstrap.main(Bootstrap.java:492)
Caused by: org.apache.catalina.LifecycleException: Falló la inicialización del manejador de protocolo
	at org.apache.catalina.connector.Connector.initInternal(Connector.java:995)
	at org.apache.catalina.util.LifecycleBase.init(LifecycleBase.java:107)
	... 12 more
Caused by: java.net.BindException: Address already in use: bind
	at java.base/sun.nio.ch.Net.bind0(Native Method)
	at java.base/sun.nio.ch.Net.bind(Net.java:433)
	at java.base/sun.nio.ch.Net.bind(Net.java:425)
	at java.base/sun.nio.ch.ServerSocketChannelImpl.bind(ServerSocketChannelImpl.java:225)
	at java.base/sun.nio.ch.ServerSocketAdaptor.bind(ServerSocketAdaptor.java:74)
	at org.apache.tomcat.util.net.NioEndpoint.bind(NioEndpoint.java:210)
	at org.apache.tomcat.util.net.AbstractEndpoint.init(AbstractEndpoint.java:1086)
	at org.apache.tomcat.util.net.AbstractJsseEndpoint.init(AbstractJsseEndpoint.java:268)
	at org.apache.coyote.AbstractProtocol.init(AbstractProtocol.java:581)
	at org.apache.catalina.connector.Connector.initInternal(Connector.java:993)
	... 13 more

13-Jul-2018 17:18:48.627 INFORMACIÓN [main] org.apache.catalina.startup.Catalina.load Initialization processed in 2144 ms
13-Jul-2018 17:18:48.862 INFORMACIÓN [main] org.apache.catalina.core.StandardService.startInternal Arrancando servicio [Catalina]
13-Jul-2018 17:18:48.864 INFORMACIÓN [main] org.apache.catalina.core.StandardEngine.startInternal Starting Servlet Engine: Apache Tomcat/8.5.32
13-Jul-2018 17:18:48.918 INFORMACIÓN [localhost-startStop-1] org.apache.catalina.startup.HostConfig.deployDirectory Despliegue del directorio [D:\Certificatic Java Spring\Servidores\apache-tomcat-8.5.32\apache-tomcat-8.5.32\apache-tomcat-8.5.32\webapps\docs] de la aplicación web
13-Jul-2018 17:18:51.943 ADVERTENCIA [localhost-startStop-1] org.apache.catalina.util.SessionIdGeneratorBase.createSecureRandom Creation of SecureRandom instance for session ID generation using [SHA1PRNG] took [712] milliseconds.
13-Jul-2018 17:18:52.072 INFORMACIÓN [localhost-startStop-1] org.apache.catalina.startup.HostConfig.deployDirectory Deployment of web application directory [D:\Certificatic Java Spring\Servidores\apache-tomcat-8.5.32\apache-tomcat-8.5.32\apache-tomcat-8.5.32\webapps\docs] has finished in [3.155] ms
13-Jul-2018 17:18:52.074 INFORMACIÓN [localhost-startStop-1] org.apache.catalina.startup.HostConfig.deployDirectory Despliegue del directorio [D:\Certificatic Java Spring\Servidores\apache-tomcat-8.5.32\apache-tomcat-8.5.32\apache-tomcat-8.5.32\webapps\examples] de la aplicación web
13-Jul-2018 17:18:55.020 INFORMACIÓN [localhost-startStop-1] org.apache.catalina.startup.HostConfig.deployDirectory Deployment of web application directory [D:\Certificatic Java Spring\Servidores\apache-tomcat-8.5.32\apache-tomcat-8.5.32\apache-tomcat-8.5.32\webapps\examples] has finished in [2.945] ms
13-Jul-2018 17:18:55.021 INFORMACIÓN [localhost-startStop-1] org.apache.catalina.startup.HostConfig.deployDirectory Despliegue del directorio [D:\Certificatic Java Spring\Servidores\apache-tomcat-8.5.32\apache-tomcat-8.5.32\apache-tomcat-8.5.32\webapps\host-manager] de la aplicación web
13-Jul-2018 17:18:55.320 INFORMACIÓN [localhost-startStop-1] org.apache.catalina.startup.HostConfig.deployDirectory Deployment of web application directory [D:\Certificatic Java Spring\Servidores\apache-tomcat-8.5.32\apache-tomcat-8.5.32\apache-tomcat-8.5.32\webapps\host-manager] has finished in [297] ms
13-Jul-2018 17:18:55.320 INFORMACIÓN [localhost-startStop-1] org.apache.catalina.startup.HostConfig.deployDirectory Despliegue del directorio [D:\Certificatic Java Spring\Servidores\apache-tomcat-8.5.32\apache-tomcat-8.5.32\apache-tomcat-8.5.32\webapps\manager] de la aplicación web
13-Jul-2018 17:18:55.450 INFORMACIÓN [localhost-startStop-1] org.apache.catalina.startup.HostConfig.deployDirectory Deployment of web application directory [D:\Certificatic Java Spring\Servidores\apache-tomcat-8.5.32\apache-tomcat-8.5.32\apache-tomcat-8.5.32\webapps\manager] has finished in [130] ms
13-Jul-2018 17:18:55.451 INFORMACIÓN [localhost-startStop-1] org.apache.catalina.startup.HostConfig.deployDirectory Despliegue del directorio [D:\Certificatic Java Spring\Servidores\apache-tomcat-8.5.32\apache-tomcat-8.5.32\apache-tomcat-8.5.32\webapps\ROOT] de la aplicación web
13-Jul-2018 17:18:55.571 INFORMACIÓN [localhost-startStop-1] org.apache.catalina.startup.HostConfig.deployDirectory Deployment of web application directory [D:\Certificatic Java Spring\Servidores\apache-tomcat-8.5.32\apache-tomcat-8.5.32\apache-tomcat-8.5.32\webapps\ROOT] has finished in [117] ms
13-Jul-2018 17:18:55.595 INFORMACIÓN [main] org.apache.catalina.startup.Catalina.start Server startup in 6967 ms
13-Jul-2018 17:18:55.619 GRAVE [main] org.apache.catalina.core.StandardServer.await StandardServer.await: create[localhost:8005]: 
 java.net.BindException: Address already in use: NET_Bind
	at java.base/java.net.DualStackPlainSocketImpl.bind0(Native Method)
	at java.base/java.net.DualStackPlainSocketImpl.socketBind(DualStackPlainSocketImpl.java:106)
	at java.base/java.net.AbstractPlainSocketImpl.bind(AbstractPlainSocketImpl.java:437)
	at java.base/java.net.PlainSocketImpl.bind(PlainSocketImpl.java:174)
	at java.base/java.net.ServerSocket.bind(ServerSocket.java:381)
	at java.base/java.net.ServerSocket.<init>(ServerSocket.java:243)
	at org.apache.catalina.core.StandardServer.await(StandardServer.java:440)
	at org.apache.catalina.startup.Catalina.await(Catalina.java:769)
	at org.apache.catalina.startup.Catalina.start(Catalina.java:715)
	at java.base/jdk.internal.reflect.NativeMethodAccessorImpl.invoke0(Native Method)
	at java.base/jdk.internal.reflect.NativeMethodAccessorImpl.invoke(NativeMethodAccessorImpl.java:62)
	at java.base/jdk.internal.reflect.DelegatingMethodAccessorImpl.invoke(DelegatingMethodAccessorImpl.java:43)
	at java.base/java.lang.reflect.Method.invoke(Method.java:564)
	at org.apache.catalina.startup.Bootstrap.start(Bootstrap.java:353)
	at org.apache.catalina.startup.Bootstrap.main(Bootstrap.java:493)

13-Jul-2018 17:18:55.622 INFORMACIÓN [main] org.apache.coyote.AbstractProtocol.pause Pausing ProtocolHandler ["http-nio-8080"]
13-Jul-2018 17:18:55.623 INFORMACIÓN [main] org.apache.coyote.AbstractProtocol.pause Pausing ProtocolHandler ["ajp-nio-8009"]
13-Jul-2018 17:18:55.624 INFORMACIÓN [main] org.apache.catalina.core.StandardService.stopInternal Parando servicio [Catalina]
13-Jul-2018 17:18:55.736 INFORMACIÓN [main] org.apache.coyote.AbstractProtocol.stop Stopping ProtocolHandler ["http-nio-8080"]
13-Jul-2018 17:18:55.737 INFORMACIÓN [main] org.apache.coyote.AbstractProtocol.destroy Destroying ProtocolHandler ["http-nio-8080"]
13-Jul-2018 17:18:55.738 INFORMACIÓN [main] org.apache.coyote.AbstractProtocol.stop Stopping ProtocolHandler ["ajp-nio-8009"]
13-Jul-2018 17:18:55.739 INFORMACIÓN [main] org.apache.coyote.AbstractProtocol.destroy Destroying ProtocolHandler ["ajp-nio-8009"]
NOTE: Picked up JDK_JAVA_OPTIONS:  --add-opens=java.base/java.lang=ALL-UNNAMED --add-opens=java.base/java.io=ALL-UNNAMED --add-opens=java.rmi/sun.rmi.transport=ALL-UNNAMED
13-Jul-2018 17:19:31.098 INFORMACIÓN [main] org.apache.catalina.startup.VersionLoggerListener.log Server version:        Apache Tomcat/8.5.32
13-Jul-2018 17:19:31.111 INFORMACIÓN [main] org.apache.catalina.startup.VersionLoggerListener.log Server built:          Jun 20 2018 19:50:35 UTC
13-Jul-2018 17:19:31.111 INFORMACIÓN [main] org.apache.catalina.startup.VersionLoggerListener.log Server number:         8.5.32.0
13-Jul-2018 17:19:31.112 INFORMACIÓN [main] org.apache.catalina.startup.VersionLoggerListener.log OS Name:               Windows 10
13-Jul-2018 17:19:31.112 INFORMACIÓN [main] org.apache.catalina.startup.VersionLoggerListener.log OS Version:            10.0
13-Jul-2018 17:19:31.113 INFORMACIÓN [main] org.apache.catalina.startup.VersionLoggerListener.log Architecture:          amd64
13-Jul-2018 17:19:31.113 INFORMACIÓN [main] org.apache.catalina.startup.VersionLoggerListener.log Java Home:             C:\Program Files\Java\jdk-10.0.1
13-Jul-2018 17:19:31.113 INFORMACIÓN [main] org.apache.catalina.startup.VersionLoggerListener.log JVM Version:           10.0.1+10
13-Jul-2018 17:19:31.114 INFORMACIÓN [main] org.apache.catalina.startup.VersionLoggerListener.log JVM Vendor:            "Oracle Corporation"
13-Jul-2018 17:19:31.114 INFORMACIÓN [main] org.apache.catalina.startup.VersionLoggerListener.log CATALINA_BASE:         D:\Certificatic Java Spring\Servidores\apache-tomcat-8.5.32\apache-tomcat-8.5.32\apache-tomcat-8.5.32
13-Jul-2018 17:19:31.114 INFORMACIÓN [main] org.apache.catalina.startup.VersionLoggerListener.log CATALINA_HOME:         D:\Certificatic Java Spring\Servidores\apache-tomcat-8.5.32\apache-tomcat-8.5.32\apache-tomcat-8.5.32
13-Jul-2018 17:19:31.118 INFORMACIÓN [main] org.apache.catalina.startup.VersionLoggerListener.log Command line argument: --add-opens=java.base/java.lang=ALL-UNNAMED
13-Jul-2018 17:19:31.119 INFORMACIÓN [main] org.apache.catalina.startup.VersionLoggerListener.log Command line argument: --add-opens=java.base/java.io=ALL-UNNAMED
13-Jul-2018 17:19:31.120 INFORMACIÓN [main] org.apache.catalina.startup.VersionLoggerListener.log Command line argument: --add-opens=java.rmi/sun.rmi.transport=ALL-UNNAMED
13-Jul-2018 17:19:31.121 INFORMACIÓN [main] org.apache.catalina.startup.VersionLoggerListener.log Command line argument: -Djava.util.logging.config.file=D:/Certificatic Java Spring/Servidores/apache-tomcat-8.5.32/apache-tomcat-8.5.32/apache-tomcat-8.5.32/conf/logging.properties
13-Jul-2018 17:19:31.122 INFORMACIÓN [main] org.apache.catalina.startup.VersionLoggerListener.log Command line argument: -Djava.util.logging.manager=org.apache.juli.ClassLoaderLogManager
13-Jul-2018 17:19:31.122 INFORMACIÓN [main] org.apache.catalina.startup.VersionLoggerListener.log Command line argument: -Djdk.tls.ephemeralDHKeySize=2048
13-Jul-2018 17:19:31.125 INFORMACIÓN [main] org.apache.catalina.startup.VersionLoggerListener.log Command line argument: -Djava.protocol.handler.pkgs=org.apache.catalina.webresources
13-Jul-2018 17:19:31.125 INFORMACIÓN [main] org.apache.catalina.startup.VersionLoggerListener.log Command line argument: -Dorg.apache.catalina.security.SecurityListener.UMASK=0027
13-Jul-2018 17:19:31.126 INFORMACIÓN [main] org.apache.catalina.startup.VersionLoggerListener.log Command line argument: -Dignore.endorsed.dirs=
13-Jul-2018 17:19:31.126 INFORMACIÓN [main] org.apache.catalina.startup.VersionLoggerListener.log Command line argument: -Dcatalina.base=D:/Certificatic Java Spring/Servidores/apache-tomcat-8.5.32/apache-tomcat-8.5.32/apache-tomcat-8.5.32
13-Jul-2018 17:19:31.127 INFORMACIÓN [main] org.apache.catalina.startup.VersionLoggerListener.log Command line argument: -Dcatalina.home=D:/Certificatic Java Spring/Servidores/apache-tomcat-8.5.32/apache-tomcat-8.5.32/apache-tomcat-8.5.32
13-Jul-2018 17:19:31.127 INFORMACIÓN [main] org.apache.catalina.startup.VersionLoggerListener.log Command line argument: -Djava.io.tmpdir=D:/Certificatic Java Spring/Servidores/apache-tomcat-8.5.32/apache-tomcat-8.5.32/apache-tomcat-8.5.32/temp
13-Jul-2018 17:19:31.128 INFORMACIÓN [main] org.apache.catalina.core.AprLifecycleListener.lifecycleEvent La biblioteca nativa de Apache Tomcat basada en ARP que permite un rendimiento óptimo en entornos de desarrollo no ha sido hallada en java.library.path: [C:\Program Files\Java\jdk-10.0.1\bin;C:\WINDOWS\Sun\Java\bin;C:\WINDOWS\system32;C:\WINDOWS;C:\Users\mario\bin;C:\Program Files\Git\mingw64\bin;C:\Program Files\Git\usr\local\bin;C:\Program Files\Git\usr\bin;C:\Program Files\Git\usr\bin;C:\Program Files\Git\mingw64\bin;C:\Program Files\Git\usr\bin;C:\Users\mario\bin;C:\Program Files (x86)\Common Files\Oracle\Java\javapath;C:\ProgramData\Oracle\Java\javapath;C:\WINDOWS\system32;C:\WINDOWS;C:\WINDOWS\System32\Wbem;C:\WINDOWS\System32\WindowsPowerShell\v1.0;C:\Program Files (x86)\MySQL\MySQL Fabric 1.5.4 & MySQL Utilities 1.5.4 1.5;C:\Program Files (x86)\MySQL\MySQL Fabric 1.5.4 & MySQL Utilities 1.5.4 1.5\Doctrine extensions for PHP;C:\Program Files\Git\cmd;C:\Program Files\PuTTY;C:\Program Files\Java\jdk1.8.0_121\bin;C:\Program Files\nodejs;C:\WINDOWS\System32\OpenSSH;C:\Program Files\Microsoft VS Code\bin;C:\Users\mario\AppData\Roaming\npm;C:\Users\mario\AppData\Local\Microsoft\WindowsApps;D:\Certificatic Java Spring\Servidores\apache-maven-3.5.4-bin\apache-maven-3.5.4-bin\apache-maven-3.5.4\bin;C:\Program Files\Git\usr\bin\vendor_perl;C:\Program Files\Git\usr\bin\core_perl;.]
13-Jul-2018 17:19:31.274 INFORMACIÓN [main] org.apache.coyote.AbstractProtocol.init Initializing ProtocolHandler ["http-nio-8080"]
13-Jul-2018 17:19:31.319 GRAVE [main] org.apache.catalina.core.StandardService.initInternal No pude inicializar el conector [Connector[HTTP/1.1-8080]]
 org.apache.catalina.LifecycleException: Failed to initialize component [Connector[HTTP/1.1-8080]]
	at org.apache.catalina.util.LifecycleBase.init(LifecycleBase.java:112)
	at org.apache.catalina.core.StandardService.initInternal(StandardService.java:549)
	at org.apache.catalina.util.LifecycleBase.init(LifecycleBase.java:107)
	at org.apache.catalina.core.StandardServer.initInternal(StandardServer.java:875)
	at org.apache.catalina.util.LifecycleBase.init(LifecycleBase.java:107)
	at org.apache.catalina.startup.Catalina.load(Catalina.java:632)
	at org.apache.catalina.startup.Catalina.load(Catalina.java:655)
	at java.base/jdk.internal.reflect.NativeMethodAccessorImpl.invoke0(Native Method)
	at java.base/jdk.internal.reflect.NativeMethodAccessorImpl.invoke(NativeMethodAccessorImpl.java:62)
	at java.base/jdk.internal.reflect.DelegatingMethodAccessorImpl.invoke(DelegatingMethodAccessorImpl.java:43)
	at java.base/java.lang.reflect.Method.invoke(Method.java:564)
	at org.apache.catalina.startup.Bootstrap.load(Bootstrap.java:309)
	at org.apache.catalina.startup.Bootstrap.main(Bootstrap.java:492)
Caused by: org.apache.catalina.LifecycleException: Falló la inicialización del manejador de protocolo
	at org.apache.catalina.connector.Connector.initInternal(Connector.java:995)
	at org.apache.catalina.util.LifecycleBase.init(LifecycleBase.java:107)
	... 12 more
Caused by: java.net.BindException: Address already in use: bind
	at java.base/sun.nio.ch.Net.bind0(Native Method)
	at java.base/sun.nio.ch.Net.bind(Net.java:433)
	at java.base/sun.nio.ch.Net.bind(Net.java:425)
	at java.base/sun.nio.ch.ServerSocketChannelImpl.bind(ServerSocketChannelImpl.java:225)
	at java.base/sun.nio.ch.ServerSocketAdaptor.bind(ServerSocketAdaptor.java:74)
	at org.apache.tomcat.util.net.NioEndpoint.bind(NioEndpoint.java:210)
	at org.apache.tomcat.util.net.AbstractEndpoint.init(AbstractEndpoint.java:1086)
	at org.apache.tomcat.util.net.AbstractJsseEndpoint.init(AbstractJsseEndpoint.java:268)
	at org.apache.coyote.AbstractProtocol.init(AbstractProtocol.java:581)
	at org.apache.coyote.http11.AbstractHttp11Protocol.init(AbstractHttp11Protocol.java:68)
	at org.apache.catalina.connector.Connector.initInternal(Connector.java:993)
	... 13 more

13-Jul-2018 17:19:31.325 INFORMACIÓN [main] org.apache.coyote.AbstractProtocol.init Initializing ProtocolHandler ["ajp-nio-8009"]
13-Jul-2018 17:19:31.330 GRAVE [main] org.apache.catalina.core.StandardService.initInternal No pude inicializar el conector [Connector[AJP/1.3-8009]]
 org.apache.catalina.LifecycleException: Failed to initialize component [Connector[AJP/1.3-8009]]
	at org.apache.catalina.util.LifecycleBase.init(LifecycleBase.java:112)
	at org.apache.catalina.core.StandardService.initInternal(StandardService.java:549)
	at org.apache.catalina.util.LifecycleBase.init(LifecycleBase.java:107)
	at org.apache.catalina.core.StandardServer.initInternal(StandardServer.java:875)
	at org.apache.catalina.util.LifecycleBase.init(LifecycleBase.java:107)
	at org.apache.catalina.startup.Catalina.load(Catalina.java:632)
	at org.apache.catalina.startup.Catalina.load(Catalina.java:655)
	at java.base/jdk.internal.reflect.NativeMethodAccessorImpl.invoke0(Native Method)
	at java.base/jdk.internal.reflect.NativeMethodAccessorImpl.invoke(NativeMethodAccessorImpl.java:62)
	at java.base/jdk.internal.reflect.DelegatingMethodAccessorImpl.invoke(DelegatingMethodAccessorImpl.java:43)
	at java.base/java.lang.reflect.Method.invoke(Method.java:564)
	at org.apache.catalina.startup.Bootstrap.load(Bootstrap.java:309)
	at org.apache.catalina.startup.Bootstrap.main(Bootstrap.java:492)
Caused by: org.apache.catalina.LifecycleException: Falló la inicialización del manejador de protocolo
	at org.apache.catalina.connector.Connector.initInternal(Connector.java:995)
	at org.apache.catalina.util.LifecycleBase.init(LifecycleBase.java:107)
	... 12 more
Caused by: java.net.BindException: Address already in use: bind
	at java.base/sun.nio.ch.Net.bind0(Native Method)
	at java.base/sun.nio.ch.Net.bind(Net.java:433)
	at java.base/sun.nio.ch.Net.bind(Net.java:425)
	at java.base/sun.nio.ch.ServerSocketChannelImpl.bind(ServerSocketChannelImpl.java:225)
	at java.base/sun.nio.ch.ServerSocketAdaptor.bind(ServerSocketAdaptor.java:74)
	at org.apache.tomcat.util.net.NioEndpoint.bind(NioEndpoint.java:210)
	at org.apache.tomcat.util.net.AbstractEndpoint.init(AbstractEndpoint.java:1086)
	at org.apache.tomcat.util.net.AbstractJsseEndpoint.init(AbstractJsseEndpoint.java:268)
	at org.apache.coyote.AbstractProtocol.init(AbstractProtocol.java:581)
	at org.apache.catalina.connector.Connector.initInternal(Connector.java:993)
	... 13 more

13-Jul-2018 17:19:31.333 INFORMACIÓN [main] org.apache.catalina.startup.Catalina.load Initialization processed in 2135 ms
13-Jul-2018 17:19:31.542 INFORMACIÓN [main] org.apache.catalina.core.StandardService.startInternal Arrancando servicio [Catalina]
13-Jul-2018 17:19:31.543 INFORMACIÓN [main] org.apache.catalina.core.StandardEngine.startInternal Starting Servlet Engine: Apache Tomcat/8.5.32
13-Jul-2018 17:19:31.578 INFORMACIÓN [localhost-startStop-1] org.apache.catalina.startup.HostConfig.deployDirectory Despliegue del directorio [D:\Certificatic Java Spring\Servidores\apache-tomcat-8.5.32\apache-tomcat-8.5.32\apache-tomcat-8.5.32\webapps\docs] de la aplicación web
13-Jul-2018 17:19:32.907 ADVERTENCIA [localhost-startStop-1] org.apache.catalina.util.SessionIdGeneratorBase.createSecureRandom Creation of SecureRandom instance for session ID generation using [SHA1PRNG] took [314] milliseconds.
13-Jul-2018 17:19:32.971 INFORMACIÓN [localhost-startStop-1] org.apache.catalina.startup.HostConfig.deployDirectory Deployment of web application directory [D:\Certificatic Java Spring\Servidores\apache-tomcat-8.5.32\apache-tomcat-8.5.32\apache-tomcat-8.5.32\webapps\docs] has finished in [1.394] ms
13-Jul-2018 17:19:32.973 INFORMACIÓN [localhost-startStop-1] org.apache.catalina.startup.HostConfig.deployDirectory Despliegue del directorio [D:\Certificatic Java Spring\Servidores\apache-tomcat-8.5.32\apache-tomcat-8.5.32\apache-tomcat-8.5.32\webapps\examples] de la aplicación web
13-Jul-2018 17:19:34.822 INFORMACIÓN [localhost-startStop-1] org.apache.catalina.startup.HostConfig.deployDirectory Deployment of web application directory [D:\Certificatic Java Spring\Servidores\apache-tomcat-8.5.32\apache-tomcat-8.5.32\apache-tomcat-8.5.32\webapps\examples] has finished in [1.849] ms
13-Jul-2018 17:19:34.824 INFORMACIÓN [localhost-startStop-1] org.apache.catalina.startup.HostConfig.deployDirectory Despliegue del directorio [D:\Certificatic Java Spring\Servidores\apache-tomcat-8.5.32\apache-tomcat-8.5.32\apache-tomcat-8.5.32\webapps\host-manager] de la aplicación web
13-Jul-2018 17:19:35.019 INFORMACIÓN [localhost-startStop-1] org.apache.catalina.startup.HostConfig.deployDirectory Deployment of web application directory [D:\Certificatic Java Spring\Servidores\apache-tomcat-8.5.32\apache-tomcat-8.5.32\apache-tomcat-8.5.32\webapps\host-manager] has finished in [194] ms
13-Jul-2018 17:19:35.020 INFORMACIÓN [localhost-startStop-1] org.apache.catalina.startup.HostConfig.deployDirectory Despliegue del directorio [D:\Certificatic Java Spring\Servidores\apache-tomcat-8.5.32\apache-tomcat-8.5.32\apache-tomcat-8.5.32\webapps\manager] de la aplicación web
13-Jul-2018 17:19:35.153 INFORMACIÓN [localhost-startStop-1] org.apache.catalina.startup.HostConfig.deployDirectory Deployment of web application directory [D:\Certificatic Java Spring\Servidores\apache-tomcat-8.5.32\apache-tomcat-8.5.32\apache-tomcat-8.5.32\webapps\manager] has finished in [132] ms
13-Jul-2018 17:19:35.154 INFORMACIÓN [localhost-startStop-1] org.apache.catalina.startup.HostConfig.deployDirectory Despliegue del directorio [D:\Certificatic Java Spring\Servidores\apache-tomcat-8.5.32\apache-tomcat-8.5.32\apache-tomcat-8.5.32\webapps\ROOT] de la aplicación web
13-Jul-2018 17:19:35.296 INFORMACIÓN [localhost-startStop-1] org.apache.catalina.startup.HostConfig.deployDirectory Deployment of web application directory [D:\Certificatic Java Spring\Servidores\apache-tomcat-8.5.32\apache-tomcat-8.5.32\apache-tomcat-8.5.32\webapps\ROOT] has finished in [143] ms
13-Jul-2018 17:19:35.313 INFORMACIÓN [main] org.apache.catalina.startup.Catalina.start Server startup in 3979 ms
13-Jul-2018 17:19:35.342 GRAVE [main] org.apache.catalina.core.StandardServer.await StandardServer.await: create[localhost:8005]: 
 java.net.BindException: Address already in use: NET_Bind
	at java.base/java.net.DualStackPlainSocketImpl.bind0(Native Method)
	at java.base/java.net.DualStackPlainSocketImpl.socketBind(DualStackPlainSocketImpl.java:106)
	at java.base/java.net.AbstractPlainSocketImpl.bind(AbstractPlainSocketImpl.java:437)
	at java.base/java.net.PlainSocketImpl.bind(PlainSocketImpl.java:174)
	at java.base/java.net.ServerSocket.bind(ServerSocket.java:381)
	at java.base/java.net.ServerSocket.<init>(ServerSocket.java:243)
	at org.apache.catalina.core.StandardServer.await(StandardServer.java:440)
	at org.apache.catalina.startup.Catalina.await(Catalina.java:769)
	at org.apache.catalina.startup.Catalina.start(Catalina.java:715)
	at java.base/jdk.internal.reflect.NativeMethodAccessorImpl.invoke0(Native Method)
	at java.base/jdk.internal.reflect.NativeMethodAccessorImpl.invoke(NativeMethodAccessorImpl.java:62)
	at java.base/jdk.internal.reflect.DelegatingMethodAccessorImpl.invoke(DelegatingMethodAccessorImpl.java:43)
	at java.base/java.lang.reflect.Method.invoke(Method.java:564)
	at org.apache.catalina.startup.Bootstrap.start(Bootstrap.java:353)
	at org.apache.catalina.startup.Bootstrap.main(Bootstrap.java:493)

13-Jul-2018 17:19:35.345 INFORMACIÓN [main] org.apache.coyote.AbstractProtocol.pause Pausing ProtocolHandler ["http-nio-8080"]
13-Jul-2018 17:19:35.346 INFORMACIÓN [main] org.apache.coyote.AbstractProtocol.pause Pausing ProtocolHandler ["ajp-nio-8009"]
13-Jul-2018 17:19:35.346 INFORMACIÓN [main] org.apache.catalina.core.StandardService.stopInternal Parando servicio [Catalina]
13-Jul-2018 17:19:35.491 INFORMACIÓN [main] org.apache.coyote.AbstractProtocol.stop Stopping ProtocolHandler ["http-nio-8080"]
13-Jul-2018 17:19:35.492 INFORMACIÓN [main] org.apache.coyote.AbstractProtocol.destroy Destroying ProtocolHandler ["http-nio-8080"]
13-Jul-2018 17:19:35.494 INFORMACIÓN [main] org.apache.coyote.AbstractProtocol.stop Stopping ProtocolHandler ["ajp-nio-8009"]
13-Jul-2018 17:19:35.495 INFORMACIÓN [main] org.apache.coyote.AbstractProtocol.destroy Destroying ProtocolHandler ["ajp-nio-8009"]
NOTE: Picked up JDK_JAVA_OPTIONS:  --add-opens=java.base/java.lang=ALL-UNNAMED --add-opens=java.base/java.io=ALL-UNNAMED --add-opens=java.rmi/sun.rmi.transport=ALL-UNNAMED
13-Jul-2018 17:20:21.796 INFORMACIÓN [main] org.apache.catalina.startup.VersionLoggerListener.log Server version:        Apache Tomcat/8.5.32
13-Jul-2018 17:20:21.811 INFORMACIÓN [main] org.apache.catalina.startup.VersionLoggerListener.log Server built:          Jun 20 2018 19:50:35 UTC
13-Jul-2018 17:20:21.813 INFORMACIÓN [main] org.apache.catalina.startup.VersionLoggerListener.log Server number:         8.5.32.0
13-Jul-2018 17:20:21.814 INFORMACIÓN [main] org.apache.catalina.startup.VersionLoggerListener.log OS Name:               Windows 10
13-Jul-2018 17:20:21.814 INFORMACIÓN [main] org.apache.catalina.startup.VersionLoggerListener.log OS Version:            10.0
13-Jul-2018 17:20:21.815 INFORMACIÓN [main] org.apache.catalina.startup.VersionLoggerListener.log Architecture:          amd64
13-Jul-2018 17:20:21.816 INFORMACIÓN [main] org.apache.catalina.startup.VersionLoggerListener.log Java Home:             C:\Program Files\Java\jdk-10.0.1
13-Jul-2018 17:20:21.816 INFORMACIÓN [main] org.apache.catalina.startup.VersionLoggerListener.log JVM Version:           10.0.1+10
13-Jul-2018 17:20:21.817 INFORMACIÓN [main] org.apache.catalina.startup.VersionLoggerListener.log JVM Vendor:            "Oracle Corporation"
13-Jul-2018 17:20:21.818 INFORMACIÓN [main] org.apache.catalina.startup.VersionLoggerListener.log CATALINA_BASE:         D:\Certificatic Java Spring\Servidores\apache-tomcat-8.5.32\apache-tomcat-8.5.32\apache-tomcat-8.5.32
13-Jul-2018 17:20:21.818 INFORMACIÓN [main] org.apache.catalina.startup.VersionLoggerListener.log CATALINA_HOME:         D:\Certificatic Java Spring\Servidores\apache-tomcat-8.5.32\apache-tomcat-8.5.32\apache-tomcat-8.5.32
13-Jul-2018 17:20:21.821 INFORMACIÓN [main] org.apache.catalina.startup.VersionLoggerListener.log Command line argument: --add-opens=java.base/java.lang=ALL-UNNAMED
13-Jul-2018 17:20:21.822 INFORMACIÓN [main] org.apache.catalina.startup.VersionLoggerListener.log Command line argument: --add-opens=java.base/java.io=ALL-UNNAMED
13-Jul-2018 17:20:21.823 INFORMACIÓN [main] org.apache.catalina.startup.VersionLoggerListener.log Command line argument: --add-opens=java.rmi/sun.rmi.transport=ALL-UNNAMED
13-Jul-2018 17:20:21.823 INFORMACIÓN [main] org.apache.catalina.startup.VersionLoggerListener.log Command line argument: -Djava.util.logging.config.file=D:/Certificatic Java Spring/Servidores/apache-tomcat-8.5.32/apache-tomcat-8.5.32/apache-tomcat-8.5.32/conf/logging.properties
13-Jul-2018 17:20:21.823 INFORMACIÓN [main] org.apache.catalina.startup.VersionLoggerListener.log Command line argument: -Djava.util.logging.manager=org.apache.juli.ClassLoaderLogManager
13-Jul-2018 17:20:21.824 INFORMACIÓN [main] org.apache.catalina.startup.VersionLoggerListener.log Command line argument: -Djdk.tls.ephemeralDHKeySize=2048
13-Jul-2018 17:20:21.825 INFORMACIÓN [main] org.apache.catalina.startup.VersionLoggerListener.log Command line argument: -Djava.protocol.handler.pkgs=org.apache.catalina.webresources
13-Jul-2018 17:20:21.825 INFORMACIÓN [main] org.apache.catalina.startup.VersionLoggerListener.log Command line argument: -Dorg.apache.catalina.security.SecurityListener.UMASK=0027
13-Jul-2018 17:20:21.825 INFORMACIÓN [main] org.apache.catalina.startup.VersionLoggerListener.log Command line argument: -Dignore.endorsed.dirs=
13-Jul-2018 17:20:21.826 INFORMACIÓN [main] org.apache.catalina.startup.VersionLoggerListener.log Command line argument: -Dcatalina.base=D:/Certificatic Java Spring/Servidores/apache-tomcat-8.5.32/apache-tomcat-8.5.32/apache-tomcat-8.5.32
13-Jul-2018 17:20:21.826 INFORMACIÓN [main] org.apache.catalina.startup.VersionLoggerListener.log Command line argument: -Dcatalina.home=D:/Certificatic Java Spring/Servidores/apache-tomcat-8.5.32/apache-tomcat-8.5.32/apache-tomcat-8.5.32
13-Jul-2018 17:20:21.827 INFORMACIÓN [main] org.apache.catalina.startup.VersionLoggerListener.log Command line argument: -Djava.io.tmpdir=D:/Certificatic Java Spring/Servidores/apache-tomcat-8.5.32/apache-tomcat-8.5.32/apache-tomcat-8.5.32/temp
13-Jul-2018 17:20:21.827 INFORMACIÓN [main] org.apache.catalina.core.AprLifecycleListener.lifecycleEvent La biblioteca nativa de Apache Tomcat basada en ARP que permite un rendimiento óptimo en entornos de desarrollo no ha sido hallada en java.library.path: [C:\Program Files\Java\jdk-10.0.1\bin;C:\WINDOWS\Sun\Java\bin;C:\WINDOWS\system32;C:\WINDOWS;C:\Users\mario\bin;C:\Program Files\Git\mingw64\bin;C:\Program Files\Git\usr\local\bin;C:\Program Files\Git\usr\bin;C:\Program Files\Git\usr\bin;C:\Program Files\Git\mingw64\bin;C:\Program Files\Git\usr\bin;C:\Users\mario\bin;C:\Program Files (x86)\Common Files\Oracle\Java\javapath;C:\ProgramData\Oracle\Java\javapath;C:\WINDOWS\system32;C:\WINDOWS;C:\WINDOWS\System32\Wbem;C:\WINDOWS\System32\WindowsPowerShell\v1.0;C:\Program Files (x86)\MySQL\MySQL Fabric 1.5.4 & MySQL Utilities 1.5.4 1.5;C:\Program Files (x86)\MySQL\MySQL Fabric 1.5.4 & MySQL Utilities 1.5.4 1.5\Doctrine extensions for PHP;C:\Program Files\Git\cmd;C:\Program Files\PuTTY;C:\Program Files\Java\jdk1.8.0_121\bin;C:\Program Files\nodejs;C:\WINDOWS\System32\OpenSSH;C:\Program Files\Microsoft VS Code\bin;C:\Users\mario\AppData\Roaming\npm;C:\Users\mario\AppData\Local\Microsoft\WindowsApps;D:\Certificatic Java Spring\Servidores\apache-maven-3.5.4-bin\apache-maven-3.5.4-bin\apache-maven-3.5.4\bin;C:\Program Files\Git\usr\bin\vendor_perl;C:\Program Files\Git\usr\bin\core_perl;.]
13-Jul-2018 17:20:22.059 INFORMACIÓN [main] org.apache.coyote.AbstractProtocol.init Initializing ProtocolHandler ["http-nio-8080"]
13-Jul-2018 17:20:22.554 INFORMACIÓN [main] org.apache.tomcat.util.net.NioSelectorPool.getSharedSelector Using a shared selector for servlet write/read
13-Jul-2018 17:20:22.586 INFORMACIÓN [main] org.apache.coyote.AbstractProtocol.init Initializing ProtocolHandler ["ajp-nio-8009"]
13-Jul-2018 17:20:22.605 INFORMACIÓN [main] org.apache.tomcat.util.net.NioSelectorPool.getSharedSelector Using a shared selector for servlet write/read
13-Jul-2018 17:20:22.607 INFORMACIÓN [main] org.apache.catalina.startup.Catalina.load Initialization processed in 2985 ms
13-Jul-2018 17:20:22.868 INFORMACIÓN [main] org.apache.catalina.core.StandardService.startInternal Arrancando servicio [Catalina]
13-Jul-2018 17:20:22.868 INFORMACIÓN [main] org.apache.catalina.core.StandardEngine.startInternal Starting Servlet Engine: Apache Tomcat/8.5.32
13-Jul-2018 17:20:22.897 INFORMACIÓN [localhost-startStop-1] org.apache.catalina.startup.HostConfig.deployDirectory Despliegue del directorio [D:\Certificatic Java Spring\Servidores\apache-tomcat-8.5.32\apache-tomcat-8.5.32\apache-tomcat-8.5.32\webapps\docs] de la aplicación web
13-Jul-2018 17:20:24.521 ADVERTENCIA [localhost-startStop-1] org.apache.catalina.util.SessionIdGeneratorBase.createSecureRandom Creation of SecureRandom instance for session ID generation using [SHA1PRNG] took [331] milliseconds.
13-Jul-2018 17:20:24.597 INFORMACIÓN [localhost-startStop-1] org.apache.catalina.startup.HostConfig.deployDirectory Deployment of web application directory [D:\Certificatic Java Spring\Servidores\apache-tomcat-8.5.32\apache-tomcat-8.5.32\apache-tomcat-8.5.32\webapps\docs] has finished in [1.700] ms
13-Jul-2018 17:20:24.599 INFORMACIÓN [localhost-startStop-1] org.apache.catalina.startup.HostConfig.deployDirectory Despliegue del directorio [D:\Certificatic Java Spring\Servidores\apache-tomcat-8.5.32\apache-tomcat-8.5.32\apache-tomcat-8.5.32\webapps\examples] de la aplicación web
13-Jul-2018 17:20:25.936 INFORMACIÓN [localhost-startStop-1] org.apache.catalina.startup.HostConfig.deployDirectory Deployment of web application directory [D:\Certificatic Java Spring\Servidores\apache-tomcat-8.5.32\apache-tomcat-8.5.32\apache-tomcat-8.5.32\webapps\examples] has finished in [1.336] ms
13-Jul-2018 17:20:25.937 INFORMACIÓN [localhost-startStop-1] org.apache.catalina.startup.HostConfig.deployDirectory Despliegue del directorio [D:\Certificatic Java Spring\Servidores\apache-tomcat-8.5.32\apache-tomcat-8.5.32\apache-tomcat-8.5.32\webapps\host-manager] de la aplicación web
13-Jul-2018 17:20:26.063 INFORMACIÓN [localhost-startStop-1] org.apache.catalina.startup.HostConfig.deployDirectory Deployment of web application directory [D:\Certificatic Java Spring\Servidores\apache-tomcat-8.5.32\apache-tomcat-8.5.32\apache-tomcat-8.5.32\webapps\host-manager] has finished in [125] ms
13-Jul-2018 17:20:26.064 INFORMACIÓN [localhost-startStop-1] org.apache.catalina.startup.HostConfig.deployDirectory Despliegue del directorio [D:\Certificatic Java Spring\Servidores\apache-tomcat-8.5.32\apache-tomcat-8.5.32\apache-tomcat-8.5.32\webapps\manager] de la aplicación web
13-Jul-2018 17:20:26.161 INFORMACIÓN [localhost-startStop-1] org.apache.catalina.startup.HostConfig.deployDirectory Deployment of web application directory [D:\Certificatic Java Spring\Servidores\apache-tomcat-8.5.32\apache-tomcat-8.5.32\apache-tomcat-8.5.32\webapps\manager] has finished in [97] ms
13-Jul-2018 17:20:26.162 INFORMACIÓN [localhost-startStop-1] org.apache.catalina.startup.HostConfig.deployDirectory Despliegue del directorio [D:\Certificatic Java Spring\Servidores\apache-tomcat-8.5.32\apache-tomcat-8.5.32\apache-tomcat-8.5.32\webapps\ROOT] de la aplicación web
13-Jul-2018 17:20:26.237 INFORMACIÓN [localhost-startStop-1] org.apache.catalina.startup.HostConfig.deployDirectory Deployment of web application directory [D:\Certificatic Java Spring\Servidores\apache-tomcat-8.5.32\apache-tomcat-8.5.32\apache-tomcat-8.5.32\webapps\ROOT] has finished in [75] ms
13-Jul-2018 17:20:26.249 INFORMACIÓN [main] org.apache.coyote.AbstractProtocol.start Starting ProtocolHandler ["http-nio-8080"]
13-Jul-2018 17:20:26.283 INFORMACIÓN [main] org.apache.coyote.AbstractProtocol.start Starting ProtocolHandler ["ajp-nio-8009"]
13-Jul-2018 17:20:26.294 INFORMACIÓN [main] org.apache.catalina.startup.Catalina.start Server startup in 3683 ms
