13-Jul-2018 15:47:23.620 INFORMACIÓN [localhost-startStop-1] org.apache.catalina.core.ApplicationContext.log ContextListener: contextInitialized()
13-Jul-2018 15:47:23.621 INFORMACIÓN [localhost-startStop-1] org.apache.catalina.core.ApplicationContext.log SessionListener: contextInitialized()
13-Jul-2018 15:47:23.627 INFORMACIÓN [localhost-startStop-1] org.apache.catalina.core.ApplicationContext.log ContextListener: attributeAdded('StockTicker', 'async.Stockticker@5bf499ba')
13-Jul-2018 17:18:10.581 INFORMACIÓN [localhost-startStop-1] org.apache.catalina.core.ApplicationContext.log ContextListener: contextInitialized()
13-Jul-2018 17:18:10.583 INFORMACIÓN [localhost-startStop-1] org.apache.catalina.core.ApplicationContext.log SessionListener: contextInitialized()
13-Jul-2018 17:18:10.588 INFORMACIÓN [localhost-startStop-1] org.apache.catalina.core.ApplicationContext.log ContextListener: attributeAdded('StockTicker', 'async.Stockticker@15c6cd57')
13-Jul-2018 17:18:11.305 INFORMACIÓN [localhost-startStop-1] org.apache.catalina.core.ApplicationContext.log SessionListener: contextDestroyed()
13-Jul-2018 17:18:11.305 INFORMACIÓN [localhost-startStop-1] org.apache.catalina.core.ApplicationContext.log ContextListener: contextDestroyed()
13-Jul-2018 17:18:54.896 INFORMACIÓN [localhost-startStop-1] org.apache.catalina.core.ApplicationContext.log ContextListener: contextInitialized()
13-Jul-2018 17:18:54.898 INFORMACIÓN [localhost-startStop-1] org.apache.catalina.core.ApplicationContext.log SessionListener: contextInitialized()
13-Jul-2018 17:18:54.918 INFORMACIÓN [localhost-startStop-1] org.apache.catalina.core.ApplicationContext.log ContextListener: attributeAdded('StockTicker', 'async.Stockticker@507fa417')
13-Jul-2018 17:18:55.684 INFORMACIÓN [localhost-startStop-1] org.apache.catalina.core.ApplicationContext.log SessionListener: contextDestroyed()
13-Jul-2018 17:18:55.685 INFORMACIÓN [localhost-startStop-1] org.apache.catalina.core.ApplicationContext.log ContextListener: contextDestroyed()
13-Jul-2018 17:19:34.750 INFORMACIÓN [localhost-startStop-1] org.apache.catalina.core.ApplicationContext.log ContextListener: contextInitialized()
13-Jul-2018 17:19:34.754 INFORMACIÓN [localhost-startStop-1] org.apache.catalina.core.ApplicationContext.log SessionListener: contextInitialized()
13-Jul-2018 17:19:34.760 INFORMACIÓN [localhost-startStop-1] org.apache.catalina.core.ApplicationContext.log ContextListener: attributeAdded('StockTicker', 'async.Stockticker@4e623a17')
13-Jul-2018 17:19:35.403 INFORMACIÓN [localhost-startStop-1] org.apache.catalina.core.ApplicationContext.log SessionListener: contextDestroyed()
13-Jul-2018 17:19:35.406 INFORMACIÓN [localhost-startStop-1] org.apache.catalina.core.ApplicationContext.log ContextListener: contextDestroyed()
13-Jul-2018 17:20:07.923 INFORMACIÓN [localhost-startStop-2] org.apache.catalina.core.ApplicationContext.log SessionListener: contextDestroyed()
13-Jul-2018 17:20:07.923 INFORMACIÓN [localhost-startStop-2] org.apache.catalina.core.ApplicationContext.log ContextListener: contextDestroyed()
13-Jul-2018 17:20:25.884 INFORMACIÓN [localhost-startStop-1] org.apache.catalina.core.ApplicationContext.log ContextListener: contextInitialized()
13-Jul-2018 17:20:25.884 INFORMACIÓN [localhost-startStop-1] org.apache.catalina.core.ApplicationContext.log SessionListener: contextInitialized()
13-Jul-2018 17:20:25.889 INFORMACIÓN [localhost-startStop-1] org.apache.catalina.core.ApplicationContext.log ContextListener: attributeAdded('StockTicker', 'async.Stockticker@2714ff05')
